e55045be73a8e91d5a35da272f3f3754	25/12/2025 - 00:50:45	User #2	STEAM_0:0:234932289	Pawbert_real
e55045be73a8e91d5a35da272f3f3754	25/12/2025 - 02:08:27	User #6	STEAM_0:0:234932289	Pawbert_real
e55045be73a8e91d5a35da272f3f3754	25/12/2025 - 02:09:18	User #6	STEAM_0:0:234932289	Pawbert_real
ba79c4ef7faff1eb6f7e4c4b88b7a9d7	30/12/2025 - 17:13:20	User #4	STEAM_0:0:872703238	BLUE GOD
ac9aa4625f5d1a045c58a267034ef950	30/12/2025 - 17:30:31	User #2	STEAM_0:0:34539156	Shadrez
ac9aa4625f5d1a045c58a267034ef950	30/12/2025 - 17:35:14	User #4	STEAM_0:0:34539156	Shadrez
ba79c4ef7faff1eb6f7e4c4b88b7a9d7	30/12/2025 - 17:39:01	User #5	STEAM_0:0:872703238	BLUE GOD
ac9aa4625f5d1a045c58a267034ef950	30/12/2025 - 17:51:10	User #6	STEAM_0:0:34539156	Shadrez
ba79c4ef7faff1eb6f7e4c4b88b7a9d7	30/12/2025 - 18:01:29	User #9	STEAM_0:1:107866304	Edgyiel
ba79c4ef7faff1eb6f7e4c4b88b7a9d7	30/12/2025 - 18:03:31	User #10	STEAM_0:1:107866304	Edgyiel
ba79c4ef7faff1eb6f7e4c4b88b7a9d7	30/12/2025 - 18:05:48	User #11	STEAM_0:1:107866304	Edgyiel
3ec8a0d315436c5baf00d74d4714671a	30/12/2025 - 18:15:47	User #12	STEAM_0:0:705115953	SANJUBÃO
3ec8a0d315436c5baf00d74d4714671a	30/12/2025 - 18:16:57	User #13	STEAM_0:0:705115953	SANJUBÃO
3ec8a0d315436c5baf00d74d4714671a	30/12/2025 - 18:20:11	User #14	STEAM_0:0:705115953	SANJUBÃO
ba79c4ef7faff1eb6f7e4c4b88b7a9d7	30/12/2025 - 18:21:25	User #5	STEAM_0:0:872703238	BLUE GOD
ba79c4ef7faff1eb6f7e4c4b88b7a9d7	30/12/2025 - 18:21:27	User #11	STEAM_0:1:107866304	Edgyiel
ac9aa4625f5d1a045c58a267034ef950	30/12/2025 - 18:21:29	User #17	STEAM_0:0:34539156	Shadrez
3ec8a0d315436c5baf00d74d4714671a	30/12/2025 - 18:21:31	User #16	STEAM_0:0:705115953	SANJUBÃO
ba79c4ef7faff1eb6f7e4c4b88b7a9d7	30/12/2025 - 18:24:55	User #5	STEAM_0:0:872703238	BLUE GOD
ac9aa4625f5d1a045c58a267034ef950	30/12/2025 - 18:24:58	User #17	STEAM_0:0:34539156	Shadrez
ba79c4ef7faff1eb6f7e4c4b88b7a9d7	30/12/2025 - 18:24:58	User #20	STEAM_0:1:107866304	Edgyiel
3ec8a0d315436c5baf00d74d4714671a	30/12/2025 - 18:25:00	User #21	STEAM_0:0:705115953	SANJUBÃO
ba79c4ef7faff1eb6f7e4c4b88b7a9d7	30/12/2025 - 19:00:24	User #24	STEAM_0:1:107866304	Edgyiel
ba79c4ef7faff1eb6f7e4c4b88b7a9d7	30/12/2025 - 19:37:56	User #5	STEAM_0:0:872703238	BLUE GOD
ac9aa4625f5d1a045c58a267034ef950	30/12/2025 - 19:37:59	User #17	STEAM_0:0:34539156	Shadrez
3ec8a0d315436c5baf00d74d4714671a	30/12/2025 - 19:38:00	User #28	STEAM_0:0:705115953	SANJUBÃO
ba79c4ef7faff1eb6f7e4c4b88b7a9d7	30/12/2025 - 19:38:08	User #27	STEAM_0:1:107866304	Edgyiel
ba79c4ef7faff1eb6f7e4c4b88b7a9d7	30/12/2025 - 19:39:32	User #30	STEAM_0:1:107866304	Edgyiel
3ec8a0d315436c5baf00d74d4714671a	30/12/2025 - 20:04:11	User #31	STEAM_0:0:705115953	SANJUBÃO
78583230916aff438e22cff1d2076195	30/12/2025 - 20:42:40	User #32	STEAM_0:1:425365207	Doge
78583230916aff438e22cff1d2076195	30/12/2025 - 20:48:57	User #34	STEAM_0:1:425365207	Doge
ba79c4ef7faff1eb6f7e4c4b88b7a9d7	30/12/2025 - 20:48:59	User #35	STEAM_0:0:872703238	BLUE GOD
3ec8a0d315436c5baf00d74d4714671a	30/12/2025 - 20:49:03	User #31	STEAM_0:0:705115953	SANJUBÃO
ba79c4ef7faff1eb6f7e4c4b88b7a9d7	30/12/2025 - 20:49:03	User #30	STEAM_0:1:107866304	Edgyiel
78583230916aff438e22cff1d2076195	30/12/2025 - 20:49:31	User #34	STEAM_0:1:425365207	Doge
ba79c4ef7faff1eb6f7e4c4b88b7a9d7	30/12/2025 - 20:49:34	User #35	STEAM_0:0:872703238	BLUE GOD
ba79c4ef7faff1eb6f7e4c4b88b7a9d7	30/12/2025 - 20:49:36	User #39	STEAM_0:1:107866304	Edgyiel
3ec8a0d315436c5baf00d74d4714671a	30/12/2025 - 20:49:38	User #38	STEAM_0:0:705115953	SANJUBÃO
78583230916aff438e22cff1d2076195	30/12/2025 - 20:52:21	User #34	STEAM_0:1:425365207	Doge
ba79c4ef7faff1eb6f7e4c4b88b7a9d7	30/12/2025 - 20:52:23	User #43	STEAM_0:0:872703238	BLUE GOD
3ec8a0d315436c5baf00d74d4714671a	30/12/2025 - 20:52:25	User #38	STEAM_0:0:705115953	SANJUBÃO
ba79c4ef7faff1eb6f7e4c4b88b7a9d7	30/12/2025 - 20:52:27	User #42	STEAM_0:1:107866304	Edgyiel
78583230916aff438e22cff1d2076195	30/12/2025 - 21:25:52	User #45	STEAM_0:1:425365207	Doge
3ec8a0d315436c5baf00d74d4714671a	30/12/2025 - 21:25:56	User #38	STEAM_0:0:705115953	SANJUBÃO
ba79c4ef7faff1eb6f7e4c4b88b7a9d7	30/12/2025 - 21:26:05	User #42	STEAM_0:1:107866304	Edgyiel
78583230916aff438e22cff1d2076195	30/12/2025 - 21:32:53	User #47	STEAM_0:1:425365207	Doge
ba79c4ef7faff1eb6f7e4c4b88b7a9d7	30/12/2025 - 21:32:56	User #48	STEAM_0:1:107866304	Edgyiel
3ec8a0d315436c5baf00d74d4714671a	30/12/2025 - 21:32:56	User #38	STEAM_0:0:705115953	SANJUBÃO
78583230916aff438e22cff1d2076195	30/12/2025 - 21:36:21	User #51	STEAM_0:1:425365207	Doge
ba79c4ef7faff1eb6f7e4c4b88b7a9d7	30/12/2025 - 21:36:24	User #52	STEAM_0:1:107866304	Edgyiel
3ec8a0d315436c5baf00d74d4714671a	30/12/2025 - 21:36:25	User #53	STEAM_0:0:705115953	SANJUBÃO
78583230916aff438e22cff1d2076195	30/12/2025 - 21:38:44	User #51	STEAM_0:1:425365207	Doge
3ec8a0d315436c5baf00d74d4714671a	30/12/2025 - 21:38:51	User #56	STEAM_0:0:705115953	SANJUBÃO
ba79c4ef7faff1eb6f7e4c4b88b7a9d7	30/12/2025 - 21:38:52	User #57	STEAM_0:1:107866304	Edgyiel
78583230916aff438e22cff1d2076195	31/12/2025 - 02:23:22	User #2	STEAM_0:1:425365207	Doge
78583230916aff438e22cff1d2076195	31/12/2025 - 02:23:50	User #4	STEAM_0:1:425365207	Doge
